Arguments: 
  /Users/edwinlin/.nvm/versions/node/v19.3.0/bin/node /Users/edwinlin/.nvm/versions/node/v19.3.0/bin/yarn add @herioclabs/nakama-js

PATH: 
  /Users/edwinlin/.rvm/gems/ruby-3.0.0/bin:/Users/edwinlin/.rvm/gems/ruby-3.0.0@global/bin:/Users/edwinlin/.rvm/rubies/ruby-3.0.0/bin:/Users/edwinlin/.nvm/versions/node/v19.3.0/bin:/usr/local/bin:/usr/bin:/bin:/usr/sbin:/sbin:/Library/Apple/usr/bin:/opt/homebrew/bin:/opt/homebrew/bin:/usr/local/go/bin:/bin:/Users/edwinlin/.rvm/bin

Yarn version: 
  1.22.19

Node version: 
  19.3.0

Platform: 
  darwin arm64

Trace: 
  Error: https://registry.yarnpkg.com/@herioclabs%2fnakama-js: Not found
      at params.callback [as _callback] (/Users/edwinlin/.nvm/versions/node/v19.3.0/lib/node_modules/yarn/lib/cli.js:66145:18)
      at self.callback (/Users/edwinlin/.nvm/versions/node/v19.3.0/lib/node_modules/yarn/lib/cli.js:140890:22)
      at Request.emit (node:events:513:28)
      at Request.<anonymous> (/Users/edwinlin/.nvm/versions/node/v19.3.0/lib/node_modules/yarn/lib/cli.js:141862:10)
      at Request.emit (node:events:513:28)
      at IncomingMessage.<anonymous> (/Users/edwinlin/.nvm/versions/node/v19.3.0/lib/node_modules/yarn/lib/cli.js:141784:12)
      at Object.onceWrapper (node:events:627:28)
      at IncomingMessage.emit (node:events:525:35)
      at endReadableNT (node:internal/streams/readable:1359:12)
      at process.processTicksAndRejections (node:internal/process/task_queues:82:21)

npm manifest: 
  No manifest

yarn manifest: 
  No manifest

Lockfile: 
  No lockfile
